# JRE version: OpenJDK Runtime Environment Temurin-17.0.10+7 (17.0.10+7) (build 17.0.10+7)
# Java VM: OpenJDK 64-Bit Server VM Temurin-17.0.10+7 (17.0.10+7, mixed mode, tiered, compressed oops, compressed class ptrs, parallel gc, windows-amd64)
GC Precious Log:
 CPUs: 12 total, 12 available
 Memory: 5989M
 Large Page Support: Disabled
 NUMA Support: Disabled
 Compressed Oops: Enabled (32-bit)
 Alignments: Space 512K, Generation 512K, Heap 2M
 Heap Min Capacity: 100M
 Heap Initial Capacity: 100M
 Heap Max Capacity: 1G
 Pre-touch: Disabled
 Parallel Workers: 10
Heap:
 PSYoungGen      total 31744K, used 15224K [0x00000000eab00000, 0x00000000ed680000, 0x0000000100000000)
  eden space 19968K, 76% used [0x00000000eab00000,0x00000000eb9de288,0x00000000ebe80000)
  from space 11776K, 0% used [0x00000000ecb00000,0x00000000ecb00000,0x00000000ed680000)
  to   space 12288K, 0% used [0x00000000ebe80000,0x00000000ebe80000,0x00000000eca80000)
 ParOldGen       total 68608K, used 56144K [0x00000000c0000000, 0x00000000c4300000, 0x00000000eab00000)
  object space 68608K, 81% used [0x00000000c0000000,0x00000000c36d4260,0x00000000c4300000)
 Metaspace       used 61116K, committed 62400K, reserved 1114112K
  class space    used 6571K, committed 7104K, reserved 1048576K
GC Heap History (20 events):
Event: 9.905 GC heap before
{Heap before GC invocations=36 (full 3):
 PSYoungGen      total 17920K, used 500K [0x00000000eab00000, 0x00000000ebe80000, 0x0000000100000000)
  eden space 16896K, 0% used [0x00000000eab00000,0x00000000eab00000,0x00000000ebb80000)
  from space 1024K, 48% used [0x00000000ebc80000,0x00000000ebcfd050,0x00000000ebd80000)
  to   space 1024K, 0% used [0x00000000ebd80000,0x00000000ebd80000,0x00000000ebe80000)
 ParOldGen       total 68608K, used 47768K [0x00000000c0000000, 0x00000000c4300000, 0x00000000eab00000)
  object space 68608K, 69% used [0x00000000c0000000,0x00000000c2ea6208,0x00000000c4300000)
 Metaspace       used 58630K, committed 59776K, reserved 1114112K
  class space    used 6256K, committed 6784K, reserved 1048576K
}
Event: 9.969 GC heap after
{Heap after GC invocations=36 (full 3):
 PSYoungGen      total 17920K, used 0K [0x00000000eab00000, 0x00000000ebe80000, 0x0000000100000000)
  eden space 16896K, 0% used [0x00000000eab00000,0x00000000eab00000,0x00000000ebb80000)
  from space 1024K, 0% used [0x00000000ebc80000,0x00000000ebc80000,0x00000000ebd80000)
  to   space 1024K, 0% used [0x00000000ebd80000,0x00000000ebd80000,0x00000000ebe80000)
 ParOldGen       total 68608K, used 39912K [0x00000000c0000000, 0x00000000c4300000, 0x00000000eab00000)
  object space 68608K, 58% used [0x00000000c0000000,0x00000000c26fa220,0x00000000c4300000)
 Metaspace       used 58624K, committed 59776K, reserved 1114112K
  class space    used 6255K, committed 6784K, reserved 1048576K
}
Event: 10.148 GC heap before
{Heap before GC invocations=37 (full 3):
 PSYoungGen      total 17920K, used 16896K [0x00000000eab00000, 0x00000000ebe80000, 0x0000000100000000)
  eden space 16896K, 100% used [0x00000000eab00000,0x00000000ebb80000,0x00000000ebb80000)
  from space 1024K, 0% used [0x00000000ebc80000,0x00000000ebc80000,0x00000000ebd80000)
  to   space 1024K, 0% used [0x00000000ebd80000,0x00000000ebd80000,0x00000000ebe80000)
 ParOldGen       total 68608K, used 39912K [0x00000000c0000000, 0x00000000c4300000, 0x00000000eab00000)
  object space 68608K, 58% used [0x00000000c0000000,0x00000000c26fa220,0x00000000c4300000)
 Metaspace       used 60030K, committed 61248K, reserved 1114112K
  class space    used 6424K, committed 6976K, reserved 1048576K
}
Event: 10.150 GC heap after
{Heap after GC invocations=37 (full 3):
 PSYoungGen      total 16384K, used 1016K [0x00000000eab00000, 0x00000000ec280000, 0x0000000100000000)
  eden space 15360K, 0% used [0x00000000eab00000,0x00000000eab00000,0x00000000eba00000)
  from space 1024K, 99% used [0x00000000ebd80000,0x00000000ebe7e208,0x00000000ebe80000)
  to   space 3584K, 0% used [0x00000000eba00000,0x00000000eba00000,0x00000000ebd80000)
 ParOldGen       total 68608K, used 41889K [0x00000000c0000000, 0x00000000c4300000, 0x00000000eab00000)
  object space 68608K, 61% used [0x00000000c0000000,0x00000000c28e87f0,0x00000000c4300000)
 Metaspace       used 60030K, committed 61248K, reserved 1114112K
  class space    used 6424K, committed 6976K, reserved 1048576K
}
Event: 10.180 GC heap before
{Heap before GC invocations=38 (full 3):
 PSYoungGen      total 16384K, used 16376K [0x00000000eab00000, 0x00000000ec280000, 0x0000000100000000)
  eden space 15360K, 100% used [0x00000000eab00000,0x00000000eba00000,0x00000000eba00000)
  from space 1024K, 99% used [0x00000000ebd80000,0x00000000ebe7e208,0x00000000ebe80000)
  to   space 3584K, 0% used [0x00000000eba00000,0x00000000eba00000,0x00000000ebd80000)
 ParOldGen       total 68608K, used 41889K [0x00000000c0000000, 0x00000000c4300000, 0x00000000eab00000)
  object space 68608K, 61% used [0x00000000c0000000,0x00000000c28e87f0,0x00000000c4300000)
 Metaspace       used 60147K, committed 61376K, reserved 1114112K
  class space    used 6434K, committed 6976K, reserved 1048576K
}
Event: 10.199 GC heap after
{Heap after GC invocations=38 (full 3):
 PSYoungGen      total 18944K, used 3584K [0x00000000eab00000, 0x00000000ed000000, 0x0000000100000000)
  eden space 15360K, 0% used [0x00000000eab00000,0x00000000eab00000,0x00000000eba00000)
  from space 3584K, 100% used [0x00000000eba00000,0x00000000ebd80000,0x00000000ebd80000)
  to   space 11264K, 0% used [0x00000000ec500000,0x00000000ec500000,0x00000000ed000000)
 ParOldGen       total 68608K, used 47982K [0x00000000c0000000, 0x00000000c4300000, 0x00000000eab00000)
  object space 68608K, 69% used [0x00000000c0000000,0x00000000c2edb998,0x00000000c4300000)
 Metaspace       used 60147K, committed 61376K, reserved 1114112K
  class space    used 6434K, committed 6976K, reserved 1048576K
}
Event: 10.223 GC heap before
{Heap before GC invocations=39 (full 3):
 PSYoungGen      total 18944K, used 18854K [0x00000000eab00000, 0x00000000ed000000, 0x0000000100000000)
  eden space 15360K, 99% used [0x00000000eab00000,0x00000000eb9e9910,0x00000000eba00000)
  from space 3584K, 100% used [0x00000000eba00000,0x00000000ebd80000,0x00000000ebd80000)
  to   space 11264K, 0% used [0x00000000ec500000,0x00000000ec500000,0x00000000ed000000)
 ParOldGen       total 68608K, used 47982K [0x00000000c0000000, 0x00000000c4300000, 0x00000000eab00000)
  object space 68608K, 69% used [0x00000000c0000000,0x00000000c2edb998,0x00000000c4300000)
 Metaspace       used 60238K, committed 61440K, reserved 1114112K
  class space    used 6442K, committed 6976K, reserved 1048576K
}
Event: 10.243 GC heap after
{Heap after GC invocations=39 (full 3):
 PSYoungGen      total 22016K, used 6480K [0x00000000eab00000, 0x00000000ecb80000, 0x0000000100000000)
  eden space 15360K, 0% used [0x00000000eab00000,0x00000000eab00000,0x00000000eba00000)
  from space 6656K, 97% used [0x00000000ec500000,0x00000000ecb54000,0x00000000ecb80000)
  to   space 7680K, 0% used [0x00000000ebc80000,0x00000000ebc80000,0x00000000ec400000)
 ParOldGen       total 68608K, used 51606K [0x00000000c0000000, 0x00000000c4300000, 0x00000000eab00000)
  object space 68608K, 75% used [0x00000000c0000000,0x00000000c3265998,0x00000000c4300000)
 Metaspace       used 60238K, committed 61440K, reserved 1114112K
  class space    used 6442K, committed 6976K, reserved 1048576K
}
Event: 10.261 GC heap before
{Heap before GC invocations=40 (full 3):
 PSYoungGen      total 22016K, used 21840K [0x00000000eab00000, 0x00000000ecb80000, 0x0000000100000000)
  eden space 15360K, 100% used [0x00000000eab00000,0x00000000eba00000,0x00000000eba00000)
  from space 6656K, 97% used [0x00000000ec500000,0x00000000ecb54000,0x00000000ecb80000)
  to   space 7680K, 0% used [0x00000000ebc80000,0x00000000ebc80000,0x00000000ec400000)
 ParOldGen       total 68608K, used 51606K [0x00000000c0000000, 0x00000000c4300000, 0x00000000eab00000)
  object space 68608K, 75% used [0x00000000c0000000,0x00000000c3265998,0x00000000c4300000)
 Metaspace       used 60240K, committed 61440K, reserved 1114112K
  class space    used 6442K, committed 6976K, reserved 1048576K
}
Event: 10.272 GC heap after
{Heap after GC invocations=40 (full 3):
 PSYoungGen      total 21504K, used 3384K [0x00000000eab00000, 0x00000000ec800000, 0x0000000100000000)
  eden space 17920K, 0% used [0x00000000eab00000,0x00000000eab00000,0x00000000ebc80000)
  from space 3584K, 94% used [0x00000000ebc80000,0x00000000ebfce000,0x00000000ec000000)
  to   space 5120K, 0% used [0x00000000ec300000,0x00000000ec300000,0x00000000ec800000)
 ParOldGen       total 68608K, used 57734K [0x00000000c0000000, 0x00000000c4300000, 0x00000000eab00000)
  object space 68608K, 84% used [0x00000000c0000000,0x00000000c3861998,0x00000000c4300000)
 Metaspace       used 60240K, committed 61440K, reserved 1114112K
  class space    used 6442K, committed 6976K, reserved 1048576K
}
Event: 10.290 GC heap before
{Heap before GC invocations=41 (full 3):
 PSYoungGen      total 21504K, used 21304K [0x00000000eab00000, 0x00000000ec800000, 0x0000000100000000)
  eden space 17920K, 100% used [0x00000000eab00000,0x00000000ebc80000,0x00000000ebc80000)
  from space 3584K, 94% used [0x00000000ebc80000,0x00000000ebfce000,0x00000000ec000000)
  to   space 5120K, 0% used [0x00000000ec300000,0x00000000ec300000,0x00000000ec800000)
 ParOldGen       total 68608K, used 57734K [0x00000000c0000000, 0x00000000c4300000, 0x00000000eab00000)
  object space 68608K, 84% used [0x00000000c0000000,0x00000000c3861998,0x00000000c4300000)
 Metaspace       used 60242K, committed 61440K, reserved 1114112K
  class space    used 6442K, committed 6976K, reserved 1048576K
}
Event: 10.295 GC heap after
{Heap after GC invocations=41 (full 3):
 PSYoungGen      total 20480K, used 5088K [0x00000000eab00000, 0x00000000ed300000, 0x0000000100000000)
  eden space 15360K, 0% used [0x00000000eab00000,0x00000000eab00000,0x00000000eba00000)
  from space 5120K, 99% used [0x00000000ec300000,0x00000000ec7f8010,0x00000000ec800000)
  to   space 9216K, 0% used [0x00000000eba00000,0x00000000eba00000,0x00000000ec300000)
 ParOldGen       total 68608K, used 60758K [0x00000000c0000000, 0x00000000c4300000, 0x00000000eab00000)
  object space 68608K, 88% used [0x00000000c0000000,0x00000000c3b55998,0x00000000c4300000)
 Metaspace       used 60242K, committed 61440K, reserved 1114112K
  class space    used 6442K, committed 6976K, reserved 1048576K
}
Event: 10.315 GC heap before
{Heap before GC invocations=42 (full 3):
 PSYoungGen      total 20480K, used 20448K [0x00000000eab00000, 0x00000000ed300000, 0x0000000100000000)
  eden space 15360K, 100% used [0x00000000eab00000,0x00000000eba00000,0x00000000eba00000)
  from space 5120K, 99% used [0x00000000ec300000,0x00000000ec7f8010,0x00000000ec800000)
  to   space 9216K, 0% used [0x00000000eba00000,0x00000000eba00000,0x00000000ec300000)
 ParOldGen       total 68608K, used 60758K [0x00000000c0000000, 0x00000000c4300000, 0x00000000eab00000)
  object space 68608K, 88% used [0x00000000c0000000,0x00000000c3b55998,0x00000000c4300000)
 Metaspace       used 60242K, committed 61440K, reserved 1114112K
  class space    used 6442K, committed 6976K, reserved 1048576K
}
Event: 10.321 GC heap after
{Heap after GC invocations=42 (full 3):
 PSYoungGen      total 17408K, used 1568K [0x00000000eab00000, 0x00000000ec600000, 0x0000000100000000)
  eden space 15360K, 0% used [0x00000000eab00000,0x00000000eab00000,0x00000000eba00000)
  from space 2048K, 76% used [0x00000000eba00000,0x00000000ebb88000,0x00000000ebc00000)
  to   space 4096K, 0% used [0x00000000ec200000,0x00000000ec200000,0x00000000ec600000)
 ParOldGen       total 68608K, used 66886K [0x00000000c0000000, 0x00000000c4300000, 0x00000000eab00000)
  object space 68608K, 97% used [0x00000000c0000000,0x00000000c41519a8,0x00000000c4300000)
 Metaspace       used 60242K, committed 61440K, reserved 1114112K
  class space    used 6442K, committed 6976K, reserved 1048576K
}
Event: 10.321 GC heap before
{Heap before GC invocations=43 (full 4):
 PSYoungGen      total 17408K, used 1568K [0x00000000eab00000, 0x00000000ec600000, 0x0000000100000000)
  eden space 15360K, 0% used [0x00000000eab00000,0x00000000eab00000,0x00000000eba00000)
  from space 2048K, 76% used [0x00000000eba00000,0x00000000ebb88000,0x00000000ebc00000)
  to   space 4096K, 0% used [0x00000000ec200000,0x00000000ec200000,0x00000000ec600000)
 ParOldGen       total 68608K, used 66886K [0x00000000c0000000, 0x00000000c4300000, 0x00000000eab00000)
  object space 68608K, 97% used [0x00000000c0000000,0x00000000c41519a8,0x00000000c4300000)
 Metaspace       used 60242K, committed 61440K, reserved 1114112K
  class space    used 6442K, committed 6976K, reserved 1048576K
}
Event: 10.389 GC heap after
{Heap after GC invocations=43 (full 4):
 PSYoungGen      total 20480K, used 0K [0x00000000eab00000, 0x00000000ec480000, 0x0000000100000000)
  eden space 17920K, 0% used [0x00000000eab00000,0x00000000eab00000,0x00000000ebc80000)
  from space 2560K, 0% used [0x00000000ec200000,0x00000000ec200000,0x00000000ec480000)
  to   space 4096K, 0% used [0x00000000ebc80000,0x00000000ebc80000,0x00000000ec080000)
 ParOldGen       total 68608K, used 61598K [0x00000000c0000000, 0x00000000c4300000, 0x00000000eab00000)
  object space 68608K, 89% used [0x00000000c0000000,0x00000000c3c279b8,0x00000000c4300000)
 Metaspace       used 60242K, committed 61440K, reserved 1114112K
  class space    used 6442K, committed 6976K, reserved 1048576K
}
Event: 10.520 GC heap before
{Heap before GC invocations=44 (full 4):
 PSYoungGen      total 20480K, used 17856K [0x00000000eab00000, 0x00000000ec480000, 0x0000000100000000)
  eden space 17920K, 99% used [0x00000000eab00000,0x00000000ebc70248,0x00000000ebc80000)
  from space 2560K, 0% used [0x00000000ec200000,0x00000000ec200000,0x00000000ec480000)
  to   space 4096K, 0% used [0x00000000ebc80000,0x00000000ebc80000,0x00000000ec080000)
 ParOldGen       total 68608K, used 61598K [0x00000000c0000000, 0x00000000c4300000, 0x00000000eab00000)
  object space 68608K, 89% used [0x00000000c0000000,0x00000000c3c279b8,0x00000000c4300000)
 Metaspace       used 60349K, committed 61504K, reserved 1114112K
  class space    used 6454K, committed 6976K, reserved 1048576K
}
Event: 10.526 GC heap after
{Heap after GC invocations=44 (full 4):
 PSYoungGen      total 22016K, used 4069K [0x00000000eab00000, 0x00000000ed700000, 0x0000000100000000)
  eden space 17920K, 0% used [0x00000000eab00000,0x00000000eab00000,0x00000000ebc80000)
  from space 4096K, 99% used [0x00000000ebc80000,0x00000000ec079490,0x00000000ec080000)
  to   space 12288K, 0% used [0x00000000ecb00000,0x00000000ecb00000,0x00000000ed700000)
 ParOldGen       total 68608K, used 68022K [0x00000000c0000000, 0x00000000c4300000, 0x00000000eab00000)
  object space 68608K, 99% used [0x00000000c0000000,0x00000000c426d9b8,0x00000000c4300000)
 Metaspace       used 60349K, committed 61504K, reserved 1114112K
  class space    used 6454K, committed 6976K, reserved 1048576K
}
Event: 10.526 GC heap before
{Heap before GC invocations=45 (full 5):
 PSYoungGen      total 22016K, used 4069K [0x00000000eab00000, 0x00000000ed700000, 0x0000000100000000)
  eden space 17920K, 0% used [0x00000000eab00000,0x00000000eab00000,0x00000000ebc80000)
  from space 4096K, 99% used [0x00000000ebc80000,0x00000000ec079490,0x00000000ec080000)
  to   space 12288K, 0% used [0x00000000ecb00000,0x00000000ecb00000,0x00000000ed700000)
 ParOldGen       total 68608K, used 68022K [0x00000000c0000000, 0x00000000c4300000, 0x00000000eab00000)
  object space 68608K, 99% used [0x00000000c0000000,0x00000000c426d9b8,0x00000000c4300000)
 Metaspace       used 60349K, committed 61504K, reserved 1114112K
  class space    used 6454K, committed 6976K, reserved 1048576K
}
Event: 10.578 GC heap after
{Heap after GC invocations=45 (full 5):
 PSYoungGen      total 31744K, used 0K [0x00000000eab00000, 0x00000000ed680000, 0x0000000100000000)
  eden space 19968K, 0% used [0x00000000eab00000,0x00000000eab00000,0x00000000ebe80000)
  from space 11776K, 0% used [0x00000000ecb00000,0x00000000ecb00000,0x00000000ed680000)
  to   space 12288K, 0% used [0x00000000ebe80000,0x00000000ebe80000,0x00000000eca80000)
 ParOldGen       total 68608K, used 56144K [0x00000000c0000000, 0x00000000c4300000, 0x00000000eab00000)
  object space 68608K, 81% used [0x00000000c0000000,0x00000000c36d4260,0x00000000c4300000)
 Metaspace       used 60349K, committed 61504K, reserved 1114112K
  class space    used 6454K, committed 6976K, reserved 1048576K
}

