# JRE version: OpenJDK Runtime Environment Temurin-17.0.10+7 (17.0.10+7) (build 17.0.10+7)
# Java VM: OpenJDK 64-Bit Server VM Temurin-17.0.10+7 (17.0.10+7, mixed mode, tiered, compressed oops, compressed class ptrs, parallel gc, windows-amd64)
GC Precious Log:
 CPUs: 12 total, 12 available
 Memory: 5989M
 Large Page Support: Disabled
 NUMA Support: Disabled
 Compressed Oops: Enabled (32-bit)
 Alignments: Space 512K, Generation 512K, Heap 2M
 Heap Min Capacity: 100M
 Heap Initial Capacity: 100M
 Heap Max Capacity: 1G
 Pre-touch: Disabled
 Parallel Workers: 10
Heap:
 PSYoungGen      total 24064K, used 8082K [0x00000000eab00000, 0x00000000ec600000, 0x0000000100000000)
  eden space 22016K, 33% used [0x00000000eab00000,0x00000000eb21c8d0,0x00000000ec080000)
  from space 2048K, 39% used [0x00000000ec280000,0x00000000ec348000,0x00000000ec480000)
  to   space 1024K, 0% used [0x00000000ec500000,0x00000000ec500000,0x00000000ec600000)
 ParOldGen       total 68608K, used 21797K [0x00000000c0000000, 0x00000000c4300000, 0x00000000eab00000)
  object space 68608K, 31% used [0x00000000c0000000,0x00000000c15495a0,0x00000000c4300000)
 Metaspace       used 47300K, committed 48256K, reserved 1114112K
  class space    used 5075K, committed 5504K, reserved 1048576K
GC Heap History (20 events):
Event: 2.871 GC heap before
{Heap before GC invocations=8 (full 1):
 PSYoungGen      total 26112K, used 25968K [0x00000000eab00000, 0x00000000eca00000, 0x0000000100000000)
  eden space 25088K, 99% used [0x00000000eab00000,0x00000000ec378218,0x00000000ec380000)
  from space 1024K, 89% used [0x00000000ec900000,0x00000000ec9e40a8,0x00000000eca00000)
  to   space 2560K, 0% used [0x00000000ec500000,0x00000000ec500000,0x00000000ec780000)
 ParOldGen       total 68608K, used 10655K [0x00000000c0000000, 0x00000000c4300000, 0x00000000eab00000)
  object space 68608K, 15% used [0x00000000c0000000,0x00000000c0a67f88,0x00000000c4300000)
 Metaspace       used 27308K, committed 28032K, reserved 1114112K
  class space    used 2819K, committed 3136K, reserved 1048576K
}
Event: 2.873 GC heap after
{Heap after GC invocations=8 (full 1):
 PSYoungGen      total 27136K, used 2552K [0x00000000eab00000, 0x00000000ecb00000, 0x0000000100000000)
  eden space 24576K, 0% used [0x00000000eab00000,0x00000000eab00000,0x00000000ec300000)
  from space 2560K, 99% used [0x00000000ec500000,0x00000000ec77e078,0x00000000ec780000)
  to   space 3584K, 0% used [0x00000000ec780000,0x00000000ec780000,0x00000000ecb00000)
 ParOldGen       total 68608K, used 11343K [0x00000000c0000000, 0x00000000c4300000, 0x00000000eab00000)
  object space 68608K, 16% used [0x00000000c0000000,0x00000000c0b13fd8,0x00000000c4300000)
 Metaspace       used 27308K, committed 28032K, reserved 1114112K
  class space    used 2819K, committed 3136K, reserved 1048576K
}
Event: 3.019 GC heap before
{Heap before GC invocations=9 (full 1):
 PSYoungGen      total 27136K, used 27128K [0x00000000eab00000, 0x00000000ecb00000, 0x0000000100000000)
  eden space 24576K, 100% used [0x00000000eab00000,0x00000000ec300000,0x00000000ec300000)
  from space 2560K, 99% used [0x00000000ec500000,0x00000000ec77e078,0x00000000ec780000)
  to   space 3584K, 0% used [0x00000000ec780000,0x00000000ec780000,0x00000000ecb00000)
 ParOldGen       total 68608K, used 11343K [0x00000000c0000000, 0x00000000c4300000, 0x00000000eab00000)
  object space 68608K, 16% used [0x00000000c0000000,0x00000000c0b13fd8,0x00000000c4300000)
 Metaspace       used 29998K, committed 30784K, reserved 1114112K
  class space    used 2993K, committed 3328K, reserved 1048576K
}
Event: 3.021 GC heap after
{Heap after GC invocations=9 (full 1):
 PSYoungGen      total 27136K, used 3013K [0x00000000eab00000, 0x00000000eca80000, 0x0000000100000000)
  eden space 24064K, 0% used [0x00000000eab00000,0x00000000eab00000,0x00000000ec280000)
  from space 3072K, 98% used [0x00000000ec780000,0x00000000eca71740,0x00000000eca80000)
  to   space 3584K, 0% used [0x00000000ec380000,0x00000000ec380000,0x00000000ec700000)
 ParOldGen       total 68608K, used 11351K [0x00000000c0000000, 0x00000000c4300000, 0x00000000eab00000)
  object space 68608K, 16% used [0x00000000c0000000,0x00000000c0b15fd8,0x00000000c4300000)
 Metaspace       used 29998K, committed 30784K, reserved 1114112K
  class space    used 2993K, committed 3328K, reserved 1048576K
}
Event: 3.168 GC heap before
{Heap before GC invocations=10 (full 1):
 PSYoungGen      total 27136K, used 27077K [0x00000000eab00000, 0x00000000eca80000, 0x0000000100000000)
  eden space 24064K, 100% used [0x00000000eab00000,0x00000000ec280000,0x00000000ec280000)
  from space 3072K, 98% used [0x00000000ec780000,0x00000000eca71740,0x00000000eca80000)
  to   space 3584K, 0% used [0x00000000ec380000,0x00000000ec380000,0x00000000ec700000)
 ParOldGen       total 68608K, used 11351K [0x00000000c0000000, 0x00000000c4300000, 0x00000000eab00000)
  object space 68608K, 16% used [0x00000000c0000000,0x00000000c0b15fd8,0x00000000c4300000)
 Metaspace       used 32710K, committed 33536K, reserved 1114112K
  class space    used 3208K, committed 3584K, reserved 1048576K
}
Event: 3.170 GC heap after
{Heap after GC invocations=10 (full 1):
 PSYoungGen      total 27136K, used 3558K [0x00000000eab00000, 0x00000000ecd00000, 0x0000000100000000)
  eden space 23552K, 0% used [0x00000000eab00000,0x00000000eab00000,0x00000000ec200000)
  from space 3584K, 99% used [0x00000000ec380000,0x00000000ec6f9b30,0x00000000ec700000)
  to   space 5632K, 0% used [0x00000000ec780000,0x00000000ec780000,0x00000000ecd00000)
 ParOldGen       total 68608K, used 12684K [0x00000000c0000000, 0x00000000c4300000, 0x00000000eab00000)
  object space 68608K, 18% used [0x00000000c0000000,0x00000000c0c631a0,0x00000000c4300000)
 Metaspace       used 32710K, committed 33536K, reserved 1114112K
  class space    used 3208K, committed 3584K, reserved 1048576K
}
Event: 3.420 GC heap before
{Heap before GC invocations=11 (full 1):
 PSYoungGen      total 27136K, used 23519K [0x00000000eab00000, 0x00000000ecd00000, 0x0000000100000000)
  eden space 23552K, 84% used [0x00000000eab00000,0x00000000ebe7e440,0x00000000ec200000)
  from space 3584K, 99% used [0x00000000ec380000,0x00000000ec6f9b30,0x00000000ec700000)
  to   space 5632K, 0% used [0x00000000ec780000,0x00000000ec780000,0x00000000ecd00000)
 ParOldGen       total 68608K, used 12684K [0x00000000c0000000, 0x00000000c4300000, 0x00000000eab00000)
  object space 68608K, 18% used [0x00000000c0000000,0x00000000c0c631a0,0x00000000c4300000)
 Metaspace       used 35089K, committed 35840K, reserved 1114112K
  class space    used 3465K, committed 3840K, reserved 1048576K
}
Event: 3.424 GC heap after
{Heap after GC invocations=11 (full 1):
 PSYoungGen      total 26624K, used 2596K [0x00000000eab00000, 0x00000000eca80000, 0x0000000100000000)
  eden space 23552K, 0% used [0x00000000eab00000,0x00000000eab00000,0x00000000ec200000)
  from space 3072K, 84% used [0x00000000ec780000,0x00000000eca09378,0x00000000eca80000)
  to   space 3584K, 0% used [0x00000000ec380000,0x00000000ec380000,0x00000000ec700000)
 ParOldGen       total 68608K, used 15046K [0x00000000c0000000, 0x00000000c4300000, 0x00000000eab00000)
  object space 68608K, 21% used [0x00000000c0000000,0x00000000c0eb1b58,0x00000000c4300000)
 Metaspace       used 35089K, committed 35840K, reserved 1114112K
  class space    used 3465K, committed 3840K, reserved 1048576K
}
Event: 3.424 GC heap before
{Heap before GC invocations=12 (full 2):
 PSYoungGen      total 26624K, used 2596K [0x00000000eab00000, 0x00000000eca80000, 0x0000000100000000)
  eden space 23552K, 0% used [0x00000000eab00000,0x00000000eab00000,0x00000000ec200000)
  from space 3072K, 84% used [0x00000000ec780000,0x00000000eca09378,0x00000000eca80000)
  to   space 3584K, 0% used [0x00000000ec380000,0x00000000ec380000,0x00000000ec700000)
 ParOldGen       total 68608K, used 15046K [0x00000000c0000000, 0x00000000c4300000, 0x00000000eab00000)
  object space 68608K, 21% used [0x00000000c0000000,0x00000000c0eb1b58,0x00000000c4300000)
 Metaspace       used 35089K, committed 35840K, reserved 1114112K
  class space    used 3465K, committed 3840K, reserved 1048576K
}
Event: 3.454 GC heap after
{Heap after GC invocations=12 (full 2):
 PSYoungGen      total 26624K, used 0K [0x00000000eab00000, 0x00000000eca80000, 0x0000000100000000)
  eden space 23552K, 0% used [0x00000000eab00000,0x00000000eab00000,0x00000000ec200000)
  from space 3072K, 0% used [0x00000000ec780000,0x00000000ec780000,0x00000000eca80000)
  to   space 3584K, 0% used [0x00000000ec380000,0x00000000ec380000,0x00000000ec700000)
 ParOldGen       total 68608K, used 15832K [0x00000000c0000000, 0x00000000c4300000, 0x00000000eab00000)
  object space 68608K, 23% used [0x00000000c0000000,0x00000000c0f76170,0x00000000c4300000)
 Metaspace       used 35076K, committed 35840K, reserved 1114112K
  class space    used 3461K, committed 3840K, reserved 1048576K
}
Event: 3.769 GC heap before
{Heap before GC invocations=13 (full 2):
 PSYoungGen      total 26624K, used 23552K [0x00000000eab00000, 0x00000000eca80000, 0x0000000100000000)
  eden space 23552K, 100% used [0x00000000eab00000,0x00000000ec200000,0x00000000ec200000)
  from space 3072K, 0% used [0x00000000ec780000,0x00000000ec780000,0x00000000eca80000)
  to   space 3584K, 0% used [0x00000000ec380000,0x00000000ec380000,0x00000000ec700000)
 ParOldGen       total 68608K, used 15832K [0x00000000c0000000, 0x00000000c4300000, 0x00000000eab00000)
  object space 68608K, 23% used [0x00000000c0000000,0x00000000c0f76170,0x00000000c4300000)
 Metaspace       used 38086K, committed 39040K, reserved 1114112K
  class space    used 3821K, committed 4288K, reserved 1048576K
}
Event: 3.772 GC heap after
{Heap after GC invocations=13 (full 2):
 PSYoungGen      total 25600K, used 2482K [0x00000000eab00000, 0x00000000ec800000, 0x0000000100000000)
  eden space 23040K, 0% used [0x00000000eab00000,0x00000000eab00000,0x00000000ec180000)
  from space 2560K, 96% used [0x00000000ec380000,0x00000000ec5ecb50,0x00000000ec600000)
  to   space 2048K, 0% used [0x00000000ec600000,0x00000000ec600000,0x00000000ec800000)
 ParOldGen       total 68608K, used 15840K [0x00000000c0000000, 0x00000000c4300000, 0x00000000eab00000)
  object space 68608K, 23% used [0x00000000c0000000,0x00000000c0f78170,0x00000000c4300000)
 Metaspace       used 38086K, committed 39040K, reserved 1114112K
  class space    used 3821K, committed 4288K, reserved 1048576K
}
Event: 3.961 GC heap before
{Heap before GC invocations=14 (full 2):
 PSYoungGen      total 25600K, used 25522K [0x00000000eab00000, 0x00000000ec800000, 0x0000000100000000)
  eden space 23040K, 100% used [0x00000000eab00000,0x00000000ec180000,0x00000000ec180000)
  from space 2560K, 96% used [0x00000000ec380000,0x00000000ec5ecb50,0x00000000ec600000)
  to   space 2048K, 0% used [0x00000000ec600000,0x00000000ec600000,0x00000000ec800000)
 ParOldGen       total 68608K, used 15840K [0x00000000c0000000, 0x00000000c4300000, 0x00000000eab00000)
  object space 68608K, 23% used [0x00000000c0000000,0x00000000c0f78170,0x00000000c4300000)
 Metaspace       used 40393K, committed 41344K, reserved 1114112K
  class space    used 4124K, committed 4544K, reserved 1048576K
}
Event: 3.964 GC heap after
{Heap after GC invocations=14 (full 2):
 PSYoungGen      total 23552K, used 832K [0x00000000eab00000, 0x00000000ec700000, 0x0000000100000000)
  eden space 22528K, 0% used [0x00000000eab00000,0x00000000eab00000,0x00000000ec100000)
  from space 1024K, 81% used [0x00000000ec600000,0x00000000ec6d0000,0x00000000ec700000)
  to   space 1536K, 0% used [0x00000000ec400000,0x00000000ec400000,0x00000000ec580000)
 ParOldGen       total 68608K, used 18214K [0x00000000c0000000, 0x00000000c4300000, 0x00000000eab00000)
  object space 68608K, 26% used [0x00000000c0000000,0x00000000c11c9a28,0x00000000c4300000)
 Metaspace       used 40393K, committed 41344K, reserved 1114112K
  class space    used 4124K, committed 4544K, reserved 1048576K
}
Event: 4.106 GC heap before
{Heap before GC invocations=15 (full 2):
 PSYoungGen      total 23552K, used 23360K [0x00000000eab00000, 0x00000000ec700000, 0x0000000100000000)
  eden space 22528K, 100% used [0x00000000eab00000,0x00000000ec100000,0x00000000ec100000)
  from space 1024K, 81% used [0x00000000ec600000,0x00000000ec6d0000,0x00000000ec700000)
  to   space 1536K, 0% used [0x00000000ec400000,0x00000000ec400000,0x00000000ec580000)
 ParOldGen       total 68608K, used 18214K [0x00000000c0000000, 0x00000000c4300000, 0x00000000eab00000)
  object space 68608K, 26% used [0x00000000c0000000,0x00000000c11c9a28,0x00000000c4300000)
 Metaspace       used 43092K, committed 44160K, reserved 1114112K
  class space    used 4512K, committed 4992K, reserved 1048576K
}
Event: 4.108 GC heap after
{Heap after GC invocations=15 (full 2):
 PSYoungGen      total 23552K, used 1514K [0x00000000eab00000, 0x00000000ec780000, 0x0000000100000000)
  eden space 22016K, 0% used [0x00000000eab00000,0x00000000eab00000,0x00000000ec080000)
  from space 1536K, 98% used [0x00000000ec400000,0x00000000ec57ab68,0x00000000ec580000)
  to   space 2048K, 0% used [0x00000000ec580000,0x00000000ec580000,0x00000000ec780000)
 ParOldGen       total 68608K, used 19837K [0x00000000c0000000, 0x00000000c4300000, 0x00000000eab00000)
  object space 68608K, 28% used [0x00000000c0000000,0x00000000c135f4a8,0x00000000c4300000)
 Metaspace       used 43092K, committed 44160K, reserved 1114112K
  class space    used 4512K, committed 4992K, reserved 1048576K
}
Event: 4.306 GC heap before
{Heap before GC invocations=16 (full 2):
 PSYoungGen      total 23552K, used 23530K [0x00000000eab00000, 0x00000000ec780000, 0x0000000100000000)
  eden space 22016K, 100% used [0x00000000eab00000,0x00000000ec080000,0x00000000ec080000)
  from space 1536K, 98% used [0x00000000ec400000,0x00000000ec57ab68,0x00000000ec580000)
  to   space 2048K, 0% used [0x00000000ec580000,0x00000000ec580000,0x00000000ec780000)
 ParOldGen       total 68608K, used 19837K [0x00000000c0000000, 0x00000000c4300000, 0x00000000eab00000)
  object space 68608K, 28% used [0x00000000c0000000,0x00000000c135f4a8,0x00000000c4300000)
 Metaspace       used 44262K, committed 45312K, reserved 1114112K
  class space    used 4674K, committed 5120K, reserved 1048576K
}
Event: 4.307 GC heap after
{Heap after GC invocations=16 (full 2):
 PSYoungGen      total 23040K, used 672K [0x00000000eab00000, 0x00000000ec680000, 0x0000000100000000)
  eden space 22016K, 0% used [0x00000000eab00000,0x00000000eab00000,0x00000000ec080000)
  from space 1024K, 65% used [0x00000000ec580000,0x00000000ec628000,0x00000000ec680000)
  to   space 2048K, 0% used [0x00000000ec280000,0x00000000ec280000,0x00000000ec480000)
 ParOldGen       total 68608K, used 21365K [0x00000000c0000000, 0x00000000c4300000, 0x00000000eab00000)
  object space 68608K, 31% used [0x00000000c0000000,0x00000000c14dd5a0,0x00000000c4300000)
 Metaspace       used 44262K, committed 45312K, reserved 1114112K
  class space    used 4674K, committed 5120K, reserved 1048576K
}
Event: 4.562 GC heap before
{Heap before GC invocations=17 (full 2):
 PSYoungGen      total 23040K, used 22688K [0x00000000eab00000, 0x00000000ec680000, 0x0000000100000000)
  eden space 22016K, 100% used [0x00000000eab00000,0x00000000ec080000,0x00000000ec080000)
  from space 1024K, 65% used [0x00000000ec580000,0x00000000ec628000,0x00000000ec680000)
  to   space 2048K, 0% used [0x00000000ec280000,0x00000000ec280000,0x00000000ec480000)
 ParOldGen       total 68608K, used 21365K [0x00000000c0000000, 0x00000000c4300000, 0x00000000eab00000)
  object space 68608K, 31% used [0x00000000c0000000,0x00000000c14dd5a0,0x00000000c4300000)
 Metaspace       used 46420K, committed 47488K, reserved 1114112K
  class space    used 4960K, committed 5440K, reserved 1048576K
}
Event: 4.563 GC heap after
{Heap after GC invocations=17 (full 2):
 PSYoungGen      total 24064K, used 800K [0x00000000eab00000, 0x00000000ec600000, 0x0000000100000000)
  eden space 22016K, 0% used [0x00000000eab00000,0x00000000eab00000,0x00000000ec080000)
  from space 2048K, 39% used [0x00000000ec280000,0x00000000ec348000,0x00000000ec480000)
  to   space 1024K, 0% used [0x00000000ec500000,0x00000000ec500000,0x00000000ec600000)
 ParOldGen       total 68608K, used 21797K [0x00000000c0000000, 0x00000000c4300000, 0x00000000eab00000)
  object space 68608K, 31% used [0x00000000c0000000,0x00000000c15495a0,0x00000000c4300000)
 Metaspace       used 46420K, committed 47488K, reserved 1114112K
  class space    used 4960K, committed 5440K, reserved 1048576K
}

