# JRE version: OpenJDK Runtime Environment Temurin-17.0.10+7 (17.0.10+7) (build 17.0.10+7)
# Java VM: OpenJDK 64-Bit Server VM Temurin-17.0.10+7 (17.0.10+7, mixed mode, tiered, compressed oops, compressed class ptrs, parallel gc, windows-amd64)
GC Precious Log:
 CPUs: 12 total, 12 available
 Memory: 5989M
 Large Page Support: Disabled
 NUMA Support: Disabled
 Compressed Oops: Enabled (32-bit)
 Alignments: Space 512K, Generation 512K, Heap 2M
 Heap Min Capacity: 100M
 Heap Initial Capacity: 100M
 Heap Max Capacity: 1G
 Pre-touch: Disabled
 Parallel Workers: 10
Heap:
 PSYoungGen      total 10752K, used 8488K [0x00000000eab00000, 0x00000000ebb00000, 0x0000000100000000)
  eden space 10240K, 80% used [0x00000000eab00000,0x00000000eb312220,0x00000000eb500000)
  from space 512K, 43% used [0x00000000eba80000,0x00000000ebab8000,0x00000000ebb00000)
  to   space 1024K, 0% used [0x00000000eb900000,0x00000000eb900000,0x00000000eba00000)
 ParOldGen       total 101888K, used 79440K [0x00000000c0000000, 0x00000000c6380000, 0x00000000eab00000)
  object space 101888K, 77% used [0x00000000c0000000,0x00000000c4d94130,0x00000000c6380000)
 Metaspace       used 64056K, committed 65344K, reserved 1114112K
  class space    used 6812K, committed 7360K, reserved 1048576K
GC Heap History (20 events):
Event: 13.184 GC heap before
{Heap before GC invocations=42 (full 3):
 PSYoungGen      total 19456K, used 19064K [0x00000000eab00000, 0x00000000ec800000, 0x0000000100000000)
  eden space 13824K, 100% used [0x00000000eab00000,0x00000000eb880000,0x00000000eb880000)
  from space 5632K, 93% used [0x00000000ec280000,0x00000000ec79e000,0x00000000ec800000)
  to   space 6656K, 0% used [0x00000000ebb00000,0x00000000ebb00000,0x00000000ec180000)
 ParOldGen       total 68608K, used 54378K [0x00000000c0000000, 0x00000000c4300000, 0x00000000eab00000)
  object space 68608K, 79% used [0x00000000c0000000,0x00000000c351abf0,0x00000000c4300000)
 Metaspace       used 61687K, committed 62976K, reserved 1114112K
  class space    used 6613K, committed 7168K, reserved 1048576K
}
Event: 13.191 GC heap after
{Heap after GC invocations=42 (full 3):
 PSYoungGen      total 16384K, used 2480K [0x00000000eab00000, 0x00000000ec300000, 0x0000000100000000)
  eden space 13824K, 0% used [0x00000000eab00000,0x00000000eab00000,0x00000000eb880000)
  from space 2560K, 96% used [0x00000000ebb00000,0x00000000ebd6c000,0x00000000ebd80000)
  to   space 4096K, 0% used [0x00000000ebf00000,0x00000000ebf00000,0x00000000ec300000)
 ParOldGen       total 68608K, used 59258K [0x00000000c0000000, 0x00000000c4300000, 0x00000000eab00000)
  object space 68608K, 86% used [0x00000000c0000000,0x00000000c39debf0,0x00000000c4300000)
 Metaspace       used 61687K, committed 62976K, reserved 1114112K
  class space    used 6613K, committed 7168K, reserved 1048576K
}
Event: 13.212 GC heap before
{Heap before GC invocations=43 (full 3):
 PSYoungGen      total 16384K, used 16304K [0x00000000eab00000, 0x00000000ec300000, 0x0000000100000000)
  eden space 13824K, 100% used [0x00000000eab00000,0x00000000eb880000,0x00000000eb880000)
  from space 2560K, 96% used [0x00000000ebb00000,0x00000000ebd6c000,0x00000000ebd80000)
  to   space 4096K, 0% used [0x00000000ebf00000,0x00000000ebf00000,0x00000000ec300000)
 ParOldGen       total 68608K, used 59258K [0x00000000c0000000, 0x00000000c4300000, 0x00000000eab00000)
  object space 68608K, 86% used [0x00000000c0000000,0x00000000c39debf0,0x00000000c4300000)
 Metaspace       used 61688K, committed 62976K, reserved 1114112K
  class space    used 6613K, committed 7168K, reserved 1048576K
}
Event: 13.216 GC heap after
{Heap after GC invocations=43 (full 3):
 PSYoungGen      total 16896K, used 2880K [0x00000000eab00000, 0x00000000ec200000, 0x0000000100000000)
  eden space 13824K, 0% used [0x00000000eab00000,0x00000000eab00000,0x00000000eb880000)
  from space 3072K, 93% used [0x00000000ebf00000,0x00000000ec1d0000,0x00000000ec200000)
  to   space 3072K, 0% used [0x00000000ebc00000,0x00000000ebc00000,0x00000000ebf00000)
 ParOldGen       total 68608K, used 61586K [0x00000000c0000000, 0x00000000c4300000, 0x00000000eab00000)
  object space 68608K, 89% used [0x00000000c0000000,0x00000000c3c24bf0,0x00000000c4300000)
 Metaspace       used 61688K, committed 62976K, reserved 1114112K
  class space    used 6613K, committed 7168K, reserved 1048576K
}
Event: 13.234 GC heap before
{Heap before GC invocations=44 (full 3):
 PSYoungGen      total 16896K, used 16704K [0x00000000eab00000, 0x00000000ec200000, 0x0000000100000000)
  eden space 13824K, 100% used [0x00000000eab00000,0x00000000eb880000,0x00000000eb880000)
  from space 3072K, 93% used [0x00000000ebf00000,0x00000000ec1d0000,0x00000000ec200000)
  to   space 3072K, 0% used [0x00000000ebc00000,0x00000000ebc00000,0x00000000ebf00000)
 ParOldGen       total 68608K, used 61586K [0x00000000c0000000, 0x00000000c4300000, 0x00000000eab00000)
  object space 68608K, 89% used [0x00000000c0000000,0x00000000c3c24bf0,0x00000000c4300000)
 Metaspace       used 61688K, committed 62976K, reserved 1114112K
  class space    used 6613K, committed 7168K, reserved 1048576K
}
Event: 13.239 GC heap after
{Heap after GC invocations=44 (full 3):
 PSYoungGen      total 16384K, used 2240K [0x00000000eab00000, 0x00000000ebf80000, 0x0000000100000000)
  eden space 13824K, 0% used [0x00000000eab00000,0x00000000eab00000,0x00000000eb880000)
  from space 2560K, 87% used [0x00000000ebc00000,0x00000000ebe30010,0x00000000ebe80000)
  to   space 1024K, 0% used [0x00000000ebe80000,0x00000000ebe80000,0x00000000ebf80000)
 ParOldGen       total 68608K, used 64274K [0x00000000c0000000, 0x00000000c4300000, 0x00000000eab00000)
  object space 68608K, 93% used [0x00000000c0000000,0x00000000c3ec4bf0,0x00000000c4300000)
 Metaspace       used 61688K, committed 62976K, reserved 1114112K
  class space    used 6613K, committed 7168K, reserved 1048576K
}
Event: 13.257 GC heap before
{Heap before GC invocations=45 (full 3):
 PSYoungGen      total 16384K, used 16064K [0x00000000eab00000, 0x00000000ebf80000, 0x0000000100000000)
  eden space 13824K, 100% used [0x00000000eab00000,0x00000000eb880000,0x00000000eb880000)
  from space 2560K, 87% used [0x00000000ebc00000,0x00000000ebe30010,0x00000000ebe80000)
  to   space 1024K, 0% used [0x00000000ebe80000,0x00000000ebe80000,0x00000000ebf80000)
 ParOldGen       total 68608K, used 64274K [0x00000000c0000000, 0x00000000c4300000, 0x00000000eab00000)
  object space 68608K, 93% used [0x00000000c0000000,0x00000000c3ec4bf0,0x00000000c4300000)
 Metaspace       used 61688K, committed 62976K, reserved 1114112K
  class space    used 6613K, committed 7168K, reserved 1048576K
}
Event: 13.263 GC heap after
{Heap after GC invocations=45 (full 3):
 PSYoungGen      total 14848K, used 1024K [0x00000000eab00000, 0x00000000ec480000, 0x0000000100000000)
  eden space 13824K, 0% used [0x00000000eab00000,0x00000000eab00000,0x00000000eb880000)
  from space 1024K, 100% used [0x00000000ebe80000,0x00000000ebf80000,0x00000000ebf80000)
  to   space 6144K, 0% used [0x00000000eb880000,0x00000000eb880000,0x00000000ebe80000)
 ParOldGen       total 69120K, used 68675K [0x00000000c0000000, 0x00000000c4380000, 0x00000000eab00000)
  object space 69120K, 99% used [0x00000000c0000000,0x00000000c4310c00,0x00000000c4380000)
 Metaspace       used 61688K, committed 62976K, reserved 1114112K
  class space    used 6613K, committed 7168K, reserved 1048576K
}
Event: 13.263 GC heap before
{Heap before GC invocations=46 (full 4):
 PSYoungGen      total 14848K, used 1024K [0x00000000eab00000, 0x00000000ec480000, 0x0000000100000000)
  eden space 13824K, 0% used [0x00000000eab00000,0x00000000eab00000,0x00000000eb880000)
  from space 1024K, 100% used [0x00000000ebe80000,0x00000000ebf80000,0x00000000ebf80000)
  to   space 6144K, 0% used [0x00000000eb880000,0x00000000eb880000,0x00000000ebe80000)
 ParOldGen       total 69120K, used 68675K [0x00000000c0000000, 0x00000000c4380000, 0x00000000eab00000)
  object space 69120K, 99% used [0x00000000c0000000,0x00000000c4310c00,0x00000000c4380000)
 Metaspace       used 61688K, committed 62976K, reserved 1114112K
  class space    used 6613K, committed 7168K, reserved 1048576K
}
Event: 13.377 GC heap after
{Heap after GC invocations=46 (full 4):
 PSYoungGen      total 19968K, used 0K [0x00000000eab00000, 0x00000000ec780000, 0x0000000100000000)
  eden space 13824K, 0% used [0x00000000eab00000,0x00000000eab00000,0x00000000eb880000)
  from space 6144K, 0% used [0x00000000eb880000,0x00000000eb880000,0x00000000ebe80000)
  to   space 6144K, 0% used [0x00000000ec180000,0x00000000ec180000,0x00000000ec780000)
 ParOldGen       total 101888K, used 66563K [0x00000000c0000000, 0x00000000c6380000, 0x00000000eab00000)
  object space 101888K, 65% used [0x00000000c0000000,0x00000000c4100cf8,0x00000000c6380000)
 Metaspace       used 61688K, committed 62976K, reserved 1114112K
  class space    used 6613K, committed 7168K, reserved 1048576K
}
Event: 13.573 GC heap before
{Heap before GC invocations=47 (full 4):
 PSYoungGen      total 19968K, used 13807K [0x00000000eab00000, 0x00000000ec780000, 0x0000000100000000)
  eden space 13824K, 99% used [0x00000000eab00000,0x00000000eb87bd58,0x00000000eb880000)
  from space 6144K, 0% used [0x00000000eb880000,0x00000000eb880000,0x00000000ebe80000)
  to   space 6144K, 0% used [0x00000000ec180000,0x00000000ec180000,0x00000000ec780000)
 ParOldGen       total 101888K, used 66563K [0x00000000c0000000, 0x00000000c6380000, 0x00000000eab00000)
  object space 101888K, 65% used [0x00000000c0000000,0x00000000c4100cf8,0x00000000c6380000)
 Metaspace       used 61817K, committed 63040K, reserved 1114112K
  class space    used 6626K, committed 7168K, reserved 1048576K
}
Event: 13.580 GC heap after
{Heap after GC invocations=47 (full 4):
 PSYoungGen      total 16384K, used 6122K [0x00000000eab00000, 0x00000000ed180000, 0x0000000100000000)
  eden space 10240K, 0% used [0x00000000eab00000,0x00000000eab00000,0x00000000eb500000)
  from space 6144K, 99% used [0x00000000ec180000,0x00000000ec77a920,0x00000000ec780000)
  to   space 12800K, 0% used [0x00000000eb500000,0x00000000eb500000,0x00000000ec180000)
 ParOldGen       total 101888K, used 71891K [0x00000000c0000000, 0x00000000c6380000, 0x00000000eab00000)
  object space 101888K, 70% used [0x00000000c0000000,0x00000000c4634cf8,0x00000000c6380000)
 Metaspace       used 61817K, committed 63040K, reserved 1114112K
  class space    used 6626K, committed 7168K, reserved 1048576K
}
Event: 13.780 GC heap before
{Heap before GC invocations=48 (full 4):
 PSYoungGen      total 16384K, used 16362K [0x00000000eab00000, 0x00000000ed180000, 0x0000000100000000)
  eden space 10240K, 100% used [0x00000000eab00000,0x00000000eb500000,0x00000000eb500000)
  from space 6144K, 99% used [0x00000000ec180000,0x00000000ec77a920,0x00000000ec780000)
  to   space 12800K, 0% used [0x00000000eb500000,0x00000000eb500000,0x00000000ec180000)
 ParOldGen       total 101888K, used 71891K [0x00000000c0000000, 0x00000000c6380000, 0x00000000eab00000)
  object space 101888K, 70% used [0x00000000c0000000,0x00000000c4634cf8,0x00000000c6380000)
 Metaspace       used 62533K, committed 63744K, reserved 1114112K
  class space    used 6704K, committed 7232K, reserved 1048576K
}
Event: 13.786 GC heap after
{Heap after GC invocations=48 (full 4):
 PSYoungGen      total 14336K, used 3704K [0x00000000eab00000, 0x00000000ec200000, 0x0000000100000000)
  eden space 10240K, 0% used [0x00000000eab00000,0x00000000eab00000,0x00000000eb500000)
  from space 4096K, 90% used [0x00000000eb500000,0x00000000eb89e3d8,0x00000000eb900000)
  to   space 6656K, 0% used [0x00000000ebb80000,0x00000000ebb80000,0x00000000ec200000)
 ParOldGen       total 101888K, used 76584K [0x00000000c0000000, 0x00000000c6380000, 0x00000000eab00000)
  object space 101888K, 75% used [0x00000000c0000000,0x00000000c4aca188,0x00000000c6380000)
 Metaspace       used 62533K, committed 63744K, reserved 1114112K
  class space    used 6704K, committed 7232K, reserved 1048576K
}
Event: 13.825 GC heap before
{Heap before GC invocations=49 (full 4):
 PSYoungGen      total 14336K, used 13944K [0x00000000eab00000, 0x00000000ec200000, 0x0000000100000000)
  eden space 10240K, 100% used [0x00000000eab00000,0x00000000eb500000,0x00000000eb500000)
  from space 4096K, 90% used [0x00000000eb500000,0x00000000eb89e3d8,0x00000000eb900000)
  to   space 6656K, 0% used [0x00000000ebb80000,0x00000000ebb80000,0x00000000ec200000)
 ParOldGen       total 101888K, used 76584K [0x00000000c0000000, 0x00000000c6380000, 0x00000000eab00000)
  object space 101888K, 75% used [0x00000000c0000000,0x00000000c4aca188,0x00000000c6380000)
 Metaspace       used 62555K, committed 63808K, reserved 1114112K
  class space    used 6704K, committed 7232K, reserved 1048576K
}
Event: 13.829 GC heap after
{Heap after GC invocations=49 (full 4):
 PSYoungGen      total 11264K, used 982K [0x00000000eab00000, 0x00000000ebc80000, 0x0000000100000000)
  eden space 10240K, 0% used [0x00000000eab00000,0x00000000eab00000,0x00000000eb500000)
  from space 1024K, 95% used [0x00000000ebb80000,0x00000000ebc75810,0x00000000ebc80000)
  to   space 2560K, 0% used [0x00000000eb780000,0x00000000eb780000,0x00000000eba00000)
 ParOldGen       total 101888K, used 79400K [0x00000000c0000000, 0x00000000c6380000, 0x00000000eab00000)
  object space 101888K, 77% used [0x00000000c0000000,0x00000000c4d8a130,0x00000000c6380000)
 Metaspace       used 62555K, committed 63808K, reserved 1114112K
  class space    used 6704K, committed 7232K, reserved 1048576K
}
Event: 13.902 GC heap before
{Heap before GC invocations=50 (full 4):
 PSYoungGen      total 11264K, used 11222K [0x00000000eab00000, 0x00000000ebc80000, 0x0000000100000000)
  eden space 10240K, 100% used [0x00000000eab00000,0x00000000eb500000,0x00000000eb500000)
  from space 1024K, 95% used [0x00000000ebb80000,0x00000000ebc75810,0x00000000ebc80000)
  to   space 2560K, 0% used [0x00000000eb780000,0x00000000eb780000,0x00000000eba00000)
 ParOldGen       total 101888K, used 79400K [0x00000000c0000000, 0x00000000c6380000, 0x00000000eab00000)
  object space 101888K, 77% used [0x00000000c0000000,0x00000000c4d8a130,0x00000000c6380000)
 Metaspace       used 62560K, committed 63808K, reserved 1114112K
  class space    used 6704K, committed 7232K, reserved 1048576K
}
Event: 13.903 GC heap after
{Heap after GC invocations=50 (full 4):
 PSYoungGen      total 12800K, used 918K [0x00000000eab00000, 0x00000000ebc00000, 0x0000000100000000)
  eden space 10240K, 0% used [0x00000000eab00000,0x00000000eab00000,0x00000000eb500000)
  from space 2560K, 35% used [0x00000000eb780000,0x00000000eb865b98,0x00000000eba00000)
  to   space 1536K, 0% used [0x00000000eba80000,0x00000000eba80000,0x00000000ebc00000)
 ParOldGen       total 101888K, used 79432K [0x00000000c0000000, 0x00000000c6380000, 0x00000000eab00000)
  object space 101888K, 77% used [0x00000000c0000000,0x00000000c4d92130,0x00000000c6380000)
 Metaspace       used 62560K, committed 63808K, reserved 1114112K
  class space    used 6704K, committed 7232K, reserved 1048576K
}
Event: 13.938 GC heap before
{Heap before GC invocations=51 (full 4):
 PSYoungGen      total 12800K, used 11158K [0x00000000eab00000, 0x00000000ebc00000, 0x0000000100000000)
  eden space 10240K, 100% used [0x00000000eab00000,0x00000000eb500000,0x00000000eb500000)
  from space 2560K, 35% used [0x00000000eb780000,0x00000000eb865b98,0x00000000eba00000)
  to   space 1536K, 0% used [0x00000000eba80000,0x00000000eba80000,0x00000000ebc00000)
 ParOldGen       total 101888K, used 79432K [0x00000000c0000000, 0x00000000c6380000, 0x00000000eab00000)
  object space 101888K, 77% used [0x00000000c0000000,0x00000000c4d92130,0x00000000c6380000)
 Metaspace       used 62756K, committed 64000K, reserved 1114112K
  class space    used 6712K, committed 7232K, reserved 1048576K
}
Event: 13.939 GC heap after
{Heap after GC invocations=51 (full 4):
 PSYoungGen      total 10752K, used 224K [0x00000000eab00000, 0x00000000ebb00000, 0x0000000100000000)
  eden space 10240K, 0% used [0x00000000eab00000,0x00000000eab00000,0x00000000eb500000)
  from space 512K, 43% used [0x00000000eba80000,0x00000000ebab8000,0x00000000ebb00000)
  to   space 1024K, 0% used [0x00000000eb900000,0x00000000eb900000,0x00000000eba00000)
 ParOldGen       total 101888K, used 79440K [0x00000000c0000000, 0x00000000c6380000, 0x00000000eab00000)
  object space 101888K, 77% used [0x00000000c0000000,0x00000000c4d94130,0x00000000c6380000)
 Metaspace       used 62756K, committed 64000K, reserved 1114112K
  class space    used 6712K, committed 7232K, reserved 1048576K
}

